<?xml version="1.0" encoding="UTF-8"?>
<testng-results ignored="0" total="2" passed="2" failed="0" skipped="0">
  <reporter-output>
  </reporter-output>
  <suite started-at="2025-07-25T12:59:18 IST" name="Default suite" finished-at="2025-07-25T12:59:18 IST" duration-ms="53">
    <groups>
    </groups>
    <test started-at="2025-07-25T12:59:18 IST" name="Default test" finished-at="2025-07-25T12:59:18 IST" duration-ms="53">
      <class name="Pack1.ContactTest">
        <test-method signature="createcontacTest()[pri:0, instance:Pack1.ContactTest@131774fe]" started-at="2025-07-25T12:59:18 IST" name="createcontacTest" finished-at="2025-07-25T12:59:18 IST" duration-ms="10" status="PASS">
          <reporter-output>
          </reporter-output>
        </test-method> <!-- createcontacTest -->
        <test-method signature="modifycontact()[pri:0, instance:Pack1.ContactTest@131774fe]" started-at="2025-07-25T12:59:18 IST" name="modifycontact" finished-at="2025-07-25T12:59:18 IST" duration-ms="2" status="PASS">
          <reporter-output>
          </reporter-output>
        </test-method> <!-- modifycontact -->
      </class> <!-- Pack1.ContactTest -->
    </test> <!-- Default test -->
  </suite> <!-- Default suite -->
</testng-results>
